<?xml version="1.0" encoding="UTF-8"?>
<testng-results ignored="0" total="1" passed="1" failed="0" skipped="0">
  <reporter-output>
  </reporter-output>
  <suite started-at="2025-06-18T22:15:20 IST" name="RegressionTesting" finished-at="2025-06-18T22:15:27 IST" duration-ms="6571">
    <groups>
      <group name="regression">
        <method signature="LoginTest.verifyTheUserIsAbleToLoginUsingValidCredentials()[pri:0, instance:testScript.LoginTest@126253fd]" name="verifyTheUserIsAbleToLoginUsingValidCredentials" class="testScript.LoginTest"/>
      </group> <!-- regression -->
    </groups>
    <test started-at="2025-06-18T22:15:20 IST" name="ChromeTest" finished-at="2025-06-18T22:15:27 IST" duration-ms="6571">
      <class name="testScript.LoginTest">
        <test-method is-config="true" signature="initializeBrowser(java.lang.String)[pri:0, instance:testScript.LoginTest@126253fd]" started-at="2025-06-18T22:15:20 IST" name="initializeBrowser" finished-at="2025-06-18T22:15:24 IST" duration-ms="3599" status="PASS">
          <params>
            <param index="0">
              <value>
                <![CDATA[chrome]]>
              </value>
            </param>
          </params>
          <reporter-output>
          </reporter-output>
        </test-method> <!-- initializeBrowser -->
        <test-method signature="verifyTheUserIsAbleToLoginUsingValidCredentials()[pri:0, instance:testScript.LoginTest@126253fd]" started-at="2025-06-18T22:15:24 IST" name="verifyTheUserIsAbleToLoginUsingValidCredentials" description="Verifying the user is able to login using valid credentials" finished-at="2025-06-18T22:15:27 IST" duration-ms="2901" status="PASS">
          <reporter-output>
          </reporter-output>
        </test-method> <!-- verifyTheUserIsAbleToLoginUsingValidCredentials -->
        <test-method is-config="true" signature="driverQuit(org.testng.ITestResult)[pri:0, instance:testScript.LoginTest@126253fd]" started-at="2025-06-18T22:15:27 IST" name="driverQuit" finished-at="2025-06-18T22:15:27 IST" duration-ms="4" status="PASS">
          <params>
            <param index="0">
              <value>
                <![CDATA[[TestResult name=verifyTheUserIsAbleToLoginUsingValidCredentials status=SUCCESS method=LoginTest.verifyTheUserIsAbleToLoginUsingValidCredentials()[pri:0, instance:testScript.LoginTest@126253fd] output={null}]]]>
              </value>
            </param>
          </params>
          <reporter-output>
          </reporter-output>
        </test-method> <!-- driverQuit -->
      </class> <!-- testScript.LoginTest -->
    </test> <!-- ChromeTest -->
  </suite> <!-- RegressionTesting -->
</testng-results>
