<?xml version="1.0" encoding="UTF-8"?>
<testng-results ignored="0" total="2" passed="2" failed="0" skipped="0">
  <reporter-output>
  </reporter-output>
  <suite started-at="2025-06-18T22:17:01 IST" name="Suite" finished-at="2025-06-18T22:17:14 IST" duration-ms="12159">
    <groups>
    </groups>
    <test started-at="2025-06-18T22:17:01 IST" name="Test" finished-at="2025-06-18T22:17:14 IST" duration-ms="12159">
      <class name="testScript.ManageFooterTest">
        <test-method is-config="true" signature="initializeBrowser(java.lang.String)[pri:0, instance:testScript.ManageFooterTest@2034b64c]" started-at="2025-06-18T22:17:01 IST" name="initializeBrowser" finished-at="2025-06-18T22:17:05 IST" duration-ms="3103" status="PASS">
          <params>
            <param index="0">
              <value>
                <![CDATA[chrome]]>
              </value>
            </param>
          </params>
          <reporter-output>
          </reporter-output>
        </test-method> <!-- initializeBrowser -->
        <test-method signature="verifyTheUpdateButtonIsDisplayed()[pri:0, instance:testScript.ManageFooterTest@2034b64c]" started-at="2025-06-18T22:17:05 IST" name="verifyTheUpdateButtonIsDisplayed" description="Verifying the update button is displayed" finished-at="2025-06-18T22:17:08 IST" duration-ms="3683" status="PASS">
          <reporter-output>
          </reporter-output>
        </test-method> <!-- verifyTheUpdateButtonIsDisplayed -->
        <test-method is-config="true" signature="driverQuit(org.testng.ITestResult)[pri:0, instance:testScript.ManageFooterTest@2034b64c]" started-at="2025-06-18T22:17:08 IST" name="driverQuit" finished-at="2025-06-18T22:17:08 IST" duration-ms="1" status="PASS">
          <params>
            <param index="0">
              <value>
                <![CDATA[[TestResult name=verifyTheUpdateButtonIsDisplayed status=SUCCESS method=ManageFooterTest.verifyTheUpdateButtonIsDisplayed()[pri:0, instance:testScript.ManageFooterTest@2034b64c] output={null}]]]>
              </value>
            </param>
          </params>
          <reporter-output>
          </reporter-output>
        </test-method> <!-- driverQuit -->
        <test-method is-config="true" signature="initializeBrowser(java.lang.String)[pri:0, instance:testScript.ManageFooterTest@2034b64c]" started-at="2025-06-18T22:17:08 IST" name="initializeBrowser" finished-at="2025-06-18T22:17:11 IST" duration-ms="2298" status="PASS">
          <params>
            <param index="0">
              <value>
                <![CDATA[chrome]]>
              </value>
            </param>
          </params>
          <reporter-output>
          </reporter-output>
        </test-method> <!-- initializeBrowser -->
        <test-method signature="verifyTheUserIsAbleToManageFooterText()[pri:0, instance:testScript.ManageFooterTest@2034b64c]" started-at="2025-06-18T22:17:11 IST" name="verifyTheUserIsAbleToManageFooterText" description="Verifying the user is able to manage footer text" finished-at="2025-06-18T22:17:14 IST" duration-ms="3007" status="PASS">
          <reporter-output>
          </reporter-output>
        </test-method> <!-- verifyTheUserIsAbleToManageFooterText -->
        <test-method is-config="true" signature="driverQuit(org.testng.ITestResult)[pri:0, instance:testScript.ManageFooterTest@2034b64c]" started-at="2025-06-18T22:17:14 IST" name="driverQuit" finished-at="2025-06-18T22:17:14 IST" duration-ms="1" status="PASS">
          <params>
            <param index="0">
              <value>
                <![CDATA[[TestResult name=verifyTheUserIsAbleToManageFooterText status=SUCCESS method=ManageFooterTest.verifyTheUserIsAbleToManageFooterText()[pri:0, instance:testScript.ManageFooterTest@2034b64c] output={null}]]]>
              </value>
            </param>
          </params>
          <reporter-output>
          </reporter-output>
        </test-method> <!-- driverQuit -->
      </class> <!-- testScript.ManageFooterTest -->
    </test> <!-- Test -->
  </suite> <!-- Suite -->
</testng-results>
